<?xml version="1.0" encoding="UTF-8"?>
<!-- Generated by org.testng.reporters.JUnitXMLReporter -->
<testsuite ignored="0" hostname="cl4n4y1-khuang" failures="0" tests="7" name="Menu Test JPN/ENG" time="74.819" errors="0" timestamp="2021-10-15T16:43:21 CST">
  <testcase classname="test.Test_NavData_JPN" name="test_Step01_Login_JPN" time="0.212"/>
  <testcase classname="test.Test_NavData_JPN" name="test_Step02_HomeMenu_Top_JPN" time="18.475"/>
  <testcase classname="test.Test_NavData_JPN" name="test_Step03_MonitorMenu_Top_JPN" time="6.604"/>
  <testcase classname="test.Test_NavData_JPN" name="test_Step04_DeviceMenu_Top_JPN" time="12.417"/>
  <testcase classname="test.Test_NavData_JPN" name="test_Step05_NetworkMenu_Top_JPN" time="8.947"/>
  <testcase classname="test.Test_NavData_JPN" name="test_Step06_ObjectMenu_Top_JPN" time="3.405"/>
  <testcase classname="test.Test_NavData_JPN" name="test_Step07_PolicyMenu_Top_JPN" time="8.913"/>
</testsuite> <!-- Menu Test JPN/ENG -->
