<?xml version="1.0" encoding="UTF-8"?>
<!-- Generated by org.testng.reporters.JUnitXMLReporter -->
<testsuite ignored="0" hostname="cl4n4y1-khuang" failures="0" tests="14" name="Menu Test JPN/ENG" time="3.062" errors="0" timestamp="2021-09-10T12:23:47 CST">
  <testcase classname="test.Test_NavData_JPN" name="@BeforeClass beforeClass" time="0.278">
    <failure type="java.io.FileNotFoundException" message="C:\Users\khuang\eclipse-workspace\Gen7\Data\IP\Box_IP.xls (The system cannot find the path specified)">
      <![CDATA[java.io.FileNotFoundException: C:\Users\khuang\eclipse-workspace\Gen7\Data\IP\Box_IP.xls (The system cannot find the path specified)
at java.base/java.io.FileOutputStream.open0(Native Method)
at java.base/java.io.FileOutputStream.open(FileOutputStream.java:291)
at java.base/java.io.FileOutputStream.<init>(FileOutputStream.java:234)
at java.base/java.io.FileOutputStream.<init>(FileOutputStream.java:123)
at test.Test_NavData_JPN.create_IP(Test_NavData_JPN.java:51)
at test.Test_NavData_JPN.beforeClass(Test_NavData_JPN.java:83)
at java.base/java.util.concurrent.ThreadPoolExecutor.runWorker(ThreadPoolExecutor.java:1130)
at java.base/java.util.concurrent.ThreadPoolExecutor$Worker.run(ThreadPoolExecutor.java:630)
at java.base/java.lang.Thread.run(Thread.java:831)
... Removed 10 stack frames]]>
    </failure>
  </testcase> <!-- @BeforeClass beforeClass -->
  <testcase classname="test.Test_NavData_JPN" name="@AfterMethod afterMethod" time="-1.631247824882E9">
    <skipped/>
  </testcase> <!-- @AfterMethod afterMethod -->
  <testcase classname="test.Test_NavData_JPN" name="@AfterMethod afterMethod" time="-1.631247824886E9">
    <skipped/>
  </testcase> <!-- @AfterMethod afterMethod -->
  <testcase classname="test.Test_NavData_JPN" name="@AfterMethod afterMethod" time="-1.63124782489E9">
    <skipped/>
  </testcase> <!-- @AfterMethod afterMethod -->
  <testcase classname="test.Test_NavData_JPN" name="@AfterMethod afterMethod" time="-1.631247824893E9">
    <skipped/>
  </testcase> <!-- @AfterMethod afterMethod -->
  <testcase classname="test.Test_NavData_JPN" name="@AfterMethod afterMethod" time="-1.631247824896E9">
    <skipped/>
  </testcase> <!-- @AfterMethod afterMethod -->
  <testcase classname="test.Test_NavData_JPN" name="@AfterMethod afterMethod" time="-1.631247824901E9">
    <skipped/>
  </testcase> <!-- @AfterMethod afterMethod -->
  <testcase classname="test.Test_NavData_JPN" name="@AfterMethod afterMethod" time="-1.631247824904E9">
    <skipped/>
  </testcase> <!-- @AfterMethod afterMethod -->
  <testcase classname="test.Test_NavData_JPN" name="@AfterClass afterClass" time="-1.631247824905E9">
    <skipped/>
  </testcase> <!-- @AfterClass afterClass -->
  <testcase classname="test.Test_NavData_ENG" name="@BeforeClass beforeClass" time="3.012">
    <failure type="java.io.FileNotFoundException" message="C:\Users\khuang\eclipse-workspace\Gen7\Data\IP\Box_IP.xls (The system cannot find the path specified)">
      <![CDATA[java.io.FileNotFoundException: C:\Users\khuang\eclipse-workspace\Gen7\Data\IP\Box_IP.xls (The system cannot find the path specified)
at java.base/java.io.FileInputStream.open0(Native Method)
at java.base/java.io.FileInputStream.open(FileInputStream.java:211)
at java.base/java.io.FileInputStream.<init>(FileInputStream.java:153)
at java.base/java.io.FileInputStream.<init>(FileInputStream.java:108)
at test.Test_NavData_ENG.box_IP_ENG(Test_NavData_ENG.java:37)
at test.Test_NavData_ENG.beforeClass(Test_NavData_ENG.java:57)
at java.base/java.util.concurrent.ThreadPoolExecutor.runWorker(ThreadPoolExecutor.java:1130)
at java.base/java.util.concurrent.ThreadPoolExecutor$Worker.run(ThreadPoolExecutor.java:630)
at java.base/java.lang.Thread.run(Thread.java:831)
... Removed 10 stack frames]]>
    </failure>
  </testcase> <!-- @BeforeClass beforeClass -->
  <testcase classname="test.Test_NavData_ENG" name="@AfterMethod afterMethod" time="-1.631247827594E9">
    <skipped/>
  </testcase> <!-- @AfterMethod afterMethod -->
  <testcase classname="test.Test_NavData_ENG" name="@AfterMethod afterMethod" time="-1.631247827597E9">
    <skipped/>
  </testcase> <!-- @AfterMethod afterMethod -->
  <testcase classname="test.Test_NavData_ENG" name="@AfterMethod afterMethod" time="-1.631247827599E9">
    <skipped/>
  </testcase> <!-- @AfterMethod afterMethod -->
  <testcase classname="test.Test_NavData_ENG" name="@AfterMethod afterMethod" time="-1.631247827602E9">
    <skipped/>
  </testcase> <!-- @AfterMethod afterMethod -->
  <testcase classname="test.Test_NavData_ENG" name="@AfterMethod afterMethod" time="-1.631247827605E9">
    <skipped/>
  </testcase> <!-- @AfterMethod afterMethod -->
  <testcase classname="test.Test_NavData_ENG" name="@AfterMethod afterMethod" time="-1.631247827608E9">
    <skipped/>
  </testcase> <!-- @AfterMethod afterMethod -->
  <testcase classname="test.Test_NavData_ENG" name="@AfterMethod afterMethod" time="-1.631247827612E9">
    <skipped/>
  </testcase> <!-- @AfterMethod afterMethod -->
  <testcase classname="test.Test_NavData_ENG" name="@AfterClass afterClass" time="-1.631247827613E9">
    <skipped/>
  </testcase> <!-- @AfterClass afterClass -->
  <testcase classname="test.Test_NavData_JPN" name="test_Step01_Login_JPN" time="0.0">
    <skipped/>
  </testcase> <!-- test_Step01_Login_JPN -->
  <testcase classname="test.Test_NavData_JPN" name="test_Step02_HomeMenu_Top_JPN" time="0.0">
    <skipped/>
  </testcase> <!-- test_Step02_HomeMenu_Top_JPN -->
  <testcase classname="test.Test_NavData_JPN" name="test_Step03_MonitorMenu_Top_JPN" time="0.0">
    <skipped/>
  </testcase> <!-- test_Step03_MonitorMenu_Top_JPN -->
  <testcase classname="test.Test_NavData_JPN" name="test_Step04_DeviceMenu_Top_JPN" time="0.0">
    <skipped/>
  </testcase> <!-- test_Step04_DeviceMenu_Top_JPN -->
  <testcase classname="test.Test_NavData_JPN" name="test_Step05_NetworkMenu_Top_JPN" time="0.0">
    <skipped/>
  </testcase> <!-- test_Step05_NetworkMenu_Top_JPN -->
  <testcase classname="test.Test_NavData_JPN" name="test_Step06_ObjectMenu_Top_JPN" time="0.0">
    <skipped/>
  </testcase> <!-- test_Step06_ObjectMenu_Top_JPN -->
  <testcase classname="test.Test_NavData_JPN" name="test_Step07_PolicyMenu_Top_JPN" time="0.0">
    <skipped/>
  </testcase> <!-- test_Step07_PolicyMenu_Top_JPN -->
  <testcase classname="test.Test_NavData_ENG" name="test_Step01_Login_ENG" time="0.0">
    <skipped/>
  </testcase> <!-- test_Step01_Login_ENG -->
  <testcase classname="test.Test_NavData_ENG" name="test_Step02_HomeMenu_Top_ENG" time="0.0">
    <skipped/>
  </testcase> <!-- test_Step02_HomeMenu_Top_ENG -->
  <testcase classname="test.Test_NavData_ENG" name="test_Step03_MonitorMenu_Top_ENG" time="0.0">
    <skipped/>
  </testcase> <!-- test_Step03_MonitorMenu_Top_ENG -->
  <testcase classname="test.Test_NavData_ENG" name="test_Step04_DeviceMenu_Top_ENG" time="0.0">
    <skipped/>
  </testcase> <!-- test_Step04_DeviceMenu_Top_ENG -->
  <testcase classname="test.Test_NavData_ENG" name="test_Step05_NetworkMenu_Top_ENG" time="0.0">
    <skipped/>
  </testcase> <!-- test_Step05_NetworkMenu_Top_ENG -->
  <testcase classname="test.Test_NavData_ENG" name="test_Step06_ObjectMenu_Top_ENG" time="0.0">
    <skipped/>
  </testcase> <!-- test_Step06_ObjectMenu_Top_ENG -->
  <testcase classname="test.Test_NavData_ENG" name="test_Step07_PolicyMenu_Top_ENG" time="0.0">
    <skipped/>
  </testcase> <!-- test_Step07_PolicyMenu_Top_ENG -->
</testsuite> <!-- Menu Test JPN/ENG -->
