<?xml version="1.0" encoding="UTF-8"?>
<!-- Generated by org.testng.reporters.JUnitXMLReporter -->
<testsuite ignored="0" hostname="cl4n4y1-khuang" failures="1" tests="1" name="Menu Compare JPN/ENG" time="0.216" errors="0" timestamp="2022-03-07T13:46:12 CST">
  <testcase classname="test.Test_vsDATA" name="test_dataCompare" time="0.091">
    <failure type="java.io.FileNotFoundException" message="C:\Users\khuang\eclipse-workspace\Gen7\Data\compare\Box_JPN.xls (The system cannot find the path specified)">
      <![CDATA[java.io.FileNotFoundException: C:\Users\khuang\eclipse-workspace\Gen7\Data\compare\Box_JPN.xls (The system cannot find the path specified)
at java.base/java.io.FileInputStream.open0(Native Method)
at java.base/java.io.FileInputStream.open(FileInputStream.java:219)
at java.base/java.io.FileInputStream.<init>(FileInputStream.java:157)
at java.base/java.io.FileInputStream.<init>(FileInputStream.java:112)
at test.Test_vsDATA.box_JPN(Test_vsDATA.java:78)
at test.Test_vsDATA.test_dataCompare(Test_vsDATA.java:573)
at java.base/java.util.concurrent.ThreadPoolExecutor.runWorker(ThreadPoolExecutor.java:1128)
at java.base/java.util.concurrent.ThreadPoolExecutor$Worker.run(ThreadPoolExecutor.java:628)
at java.base/java.lang.Thread.run(Thread.java:834)
... Removed 12 stack frames]]>
    </failure>
  </testcase> <!-- test_dataCompare -->
</testsuite> <!-- Menu Compare JPN/ENG -->
