<?xml version="1.0" encoding="UTF-8"?>
<!-- Generated by org.testng.reporters.JUnitXMLReporter -->
<testsuite ignored="0" hostname="cl4n4y1-khuang" failures="0" tests="4" name="Menu Test JPN/ENG" time="153.143" errors="0" timestamp="2021-11-08T10:20:16 CST">
  <testcase classname="test.Test_NavData_JPN" name="test_Step01_Login_JPN" time="64.858"/>
  <testcase classname="test.Test_NavData_ENG" name="test_Step01_Login_ENG" time="61.873"/>
  <testcase classname="test.Test_NavData_JPN" name="test_Step02_MenuTop_JPN" time="63.047"/>
  <testcase classname="test.Test_NavData_ENG" name="test_Step02_MenuTop_ENG" time="64.566"/>
</testsuite> <!-- Menu Test JPN/ENG -->
