<?xml version="1.0" encoding="UTF-8"?>
<!-- Generated by org.testng.reporters.JUnitXMLReporter -->
<testsuite ignored="0" hostname="cl4n4y1-khuang" failures="0" tests="4" name="Menu Test JPN/ENG" time="140.578" errors="0" timestamp="2022-03-04T14:39:08 CST">
  <testcase classname="test.Test_NavData_JPN" name="test_Step01_Login_JPN" time="64.966"/>
  <testcase classname="test.Test_NavData_ENG" name="test_Step01_Login_ENG" time="61.156"/>
  <testcase classname="test.Test_NavData_JPN" name="test_Step02_MenuTop_JPN" time="54.962"/>
  <testcase classname="test.Test_NavData_ENG" name="test_Step02_MenuTop_ENG" time="57.779"/>
</testsuite> <!-- Menu Test JPN/ENG -->
