<?xml version="1.0" encoding="UTF-8"?>
<testsuite xmlns:xsi="http://www.w3.org/2001/XMLSchema-instance" xsi:noNamespaceSchemaLocation="https://maven.apache.org/surefire/maven-surefire-plugin/xsd/surefire-test-report.xsd" name="TestSuite" time="103.057" tests="15" errors="0" skipped="0" failures="0">
  <properties>
[...]
</properties>
  <testcase name="test_Step01_Login_ENG" classname="test.Test_NavData_ENG" time="0.373"/>
  <testcase name="test_Step01_Login_JPN" classname="test.Test_NavData_JPN" time="0.384"/>
  <testcase name="test_Step02_HomeMenu_Top_JPN" classname="test.Test_NavData_JPN" time="25.807"/>
  <testcase name="test_Step02_HomeMenu_Top_ENG" classname="test.Test_NavData_ENG" time="0.607"/>
  <testcase name="test_Step03_MonitorMenu_Top_JPN" classname="test.Test_NavData_JPN" time="6.982"/>
  <testcase name="test_Step03_MonitorMenu_Top_ENG" classname="test.Test_NavData_ENG" time="0.503"/>
  <testcase name="test_Step04_DeviceMenu_Top_ENG" classname="test.Test_NavData_ENG" time="11.99"/>
  <testcase name="test_Step04_DeviceMenu_Top_JPN" classname="test.Test_NavData_JPN" time="12.044"/>
  <testcase name="test_Step05_NetworkMenu_Top_JPN" classname="test.Test_NavData_JPN" time="13.289"/>
  <testcase name="test_Step05_NetworkMenu_Top_ENG" classname="test.Test_NavData_ENG" time="13.493"/>
  <testcase name="test_Step06_ObjectMenu_Top_JPN" classname="test.Test_NavData_JPN" time="2.892"/>
  <testcase name="test_Step06_ObjectMenu_Top_ENG" classname="test.Test_NavData_ENG" time="0.125"/>
  <testcase name="test_Step07_PolicyMenu_Top_JPN" classname="test.Test_NavData_JPN" time="8.95"/>
  <testcase name="test_Step07_PolicyMenu_Top_ENG" classname="test.Test_NavData_ENG" time="9.499"/>
  <testcase name="test_dataCompare" classname="test.Test_vsDATA" time="0.068"/>
</testsuite>