<?xml version="1.0" encoding="UTF-8"?>
<testng-results ignored="0" total="15" passed="15" failed="0" skipped="0">
  <reporter-output>
    <line>
      <![CDATA[[L]ReportLog >> Before Navigate To...https://10.8.34.196/]]>
    </line>
    <line>
      <![CDATA[[L]ReportLog >> Before Navigate To...https://10.103.50.206/]]>
    </line>
    <line>
      <![CDATA[[S]ReportLog >> beforeClass > Got your Box IP for [JPN]: https://10.103.50.206/]]>
    </line>
    <line>
      <![CDATA[[S]ReportLog >> beforeClass > Got your Box IP for [ENG]: https://10.8.34.196/]]>
    </line>
    <line>
      <![CDATA[[S]ReportLog >> test_Step01_Login_ENG > Login to main page...]]>
    </line>
    <line>
      <![CDATA[[S]ReportLog >> test_Step01_Login_JPN > Login to main page...]]>
    </line>
    <line>
      <![CDATA[[S]ReportLog >> test_Step01_Login_ENG > [Pass]Take screenshot...]]>
    </line>
    <line>
      <![CDATA[[S]ReportLog >> test_Step01_Login_JPN > [Pass]Take screenshot...]]>
    </line>
    <line>
      <![CDATA[[S]ReportLog >> test_Step02_HomeMenu_Top_JPN > Got info for [JPN]!]]>
    </line>
    <line>
      <![CDATA[[S]ReportLog >> test_Step02_HomeMenu_Top_ENG > Got info for [ENG]!]]>
    </line>
    <line>
      <![CDATA[[S]ReportLog >> test_Step02_HomeMenu_Top_JPN > Data created!]]>
    </line>
    <line>
      <![CDATA[[S]ReportLog >> test_Step02_HomeMenu_Top_JPN > Data updated!]]>
    </line>
    <line>
      <![CDATA[[S]ReportLog >> test_Step02_HomeMenu_Top_JPN > Top menu 'HOME' is done!]]>
    </line>
    <line>
      <![CDATA[[S]ReportLog >> test_Step02_HomeMenu_Top_JPN > [Pass]Take screenshot...]]>
    </line>
    <line>
      <![CDATA[[S]ReportLog >> test_Step02_HomeMenu_Top_ENG > Data created!]]>
    </line>
    <line>
      <![CDATA[[S]ReportLog >> test_Step02_HomeMenu_Top_ENG > Data updated!]]>
    </line>
    <line>
      <![CDATA[[S]ReportLog >> test_Step02_HomeMenu_Top_ENG > Top menu 'HOME' is done!]]>
    </line>
    <line>
      <![CDATA[[S]ReportLog >> test_Step02_HomeMenu_Top_ENG > [Pass]Take screenshot...]]>
    </line>
    <line>
      <![CDATA[[S]ReportLog >> test_Step03_MonitorMenu_Top_JPN > Data updated!]]>
    </line>
    <line>
      <![CDATA[[S]ReportLog >> test_Step03_MonitorMenu_Top_JPN > Top menu 'MONITOR' is done!]]>
    </line>
    <line>
      <![CDATA[[S]ReportLog >> test_Step03_MonitorMenu_Top_JPN > [Pass]Take screenshot...]]>
    </line>
    <line>
      <![CDATA[[S]ReportLog >> test_Step03_MonitorMenu_Top_ENG > Data updated!]]>
    </line>
    <line>
      <![CDATA[[S]ReportLog >> test_Step03_MonitorMenu_Top_ENG > Top menu 'MONITOR' is done!]]>
    </line>
    <line>
      <![CDATA[[S]ReportLog >> test_Step03_MonitorMenu_Top_ENG > [Pass]Take screenshot...]]>
    </line>
    <line>
      <![CDATA[[S]ReportLog >> test_Step04_DeviceMenu_Top_ENG > Data updated!]]>
    </line>
    <line>
      <![CDATA[[S]ReportLog >> test_Step04_DeviceMenu_Top_ENG > Top menu 'DEVICE' is done!]]>
    </line>
    <line>
      <![CDATA[[S]ReportLog >> test_Step04_DeviceMenu_Top_JPN > Data updated!]]>
    </line>
    <line>
      <![CDATA[[S]ReportLog >> test_Step04_DeviceMenu_Top_JPN > Top menu 'DEVICE' is done!]]>
    </line>
    <line>
      <![CDATA[[S]ReportLog >> test_Step04_DeviceMenu_Top_JPN > [Pass]Take screenshot...]]>
    </line>
    <line>
      <![CDATA[[S]ReportLog >> test_Step04_DeviceMenu_Top_ENG > [Pass]Take screenshot...]]>
    </line>
    <line>
      <![CDATA[[S]ReportLog >> test_Step05_NetworkMenu_Top_JPN > Data updated!]]>
    </line>
    <line>
      <![CDATA[[S]ReportLog >> test_Step05_NetworkMenu_Top_JPN > Top menu 'NETWORK' is done!]]>
    </line>
    <line>
      <![CDATA[[S]ReportLog >> test_Step05_NetworkMenu_Top_ENG > Data updated!]]>
    </line>
    <line>
      <![CDATA[[S]ReportLog >> test_Step05_NetworkMenu_Top_ENG > Top menu 'NETWORK' is done!]]>
    </line>
    <line>
      <![CDATA[[S]ReportLog >> test_Step05_NetworkMenu_Top_JPN > [Pass]Take screenshot...]]>
    </line>
    <line>
      <![CDATA[[S]ReportLog >> test_Step05_NetworkMenu_Top_ENG > [Pass]Take screenshot...]]>
    </line>
    <line>
      <![CDATA[[S]ReportLog >> test_Step06_ObjectMenu_Top_JPN > Data updated!]]>
    </line>
    <line>
      <![CDATA[[S]ReportLog >> test_Step06_ObjectMenu_Top_JPN > Top menu 'OBJECT' is done!]]>
    </line>
    <line>
      <![CDATA[[S]ReportLog >> test_Step06_ObjectMenu_Top_JPN > [Pass]Take screenshot...]]>
    </line>
    <line>
      <![CDATA[[S]ReportLog >> test_Step06_ObjectMenu_Top_ENG > Data updated!]]>
    </line>
    <line>
      <![CDATA[[S]ReportLog >> test_Step06_ObjectMenu_Top_ENG > Top menu 'OBJECT' is done!]]>
    </line>
    <line>
      <![CDATA[[S]ReportLog >> test_Step06_ObjectMenu_Top_ENG > [Pass]Take screenshot...]]>
    </line>
    <line>
      <![CDATA[[S]ReportLog >> test_Step07_PolicyMenu_Top_JPN > Data updated!]]>
    </line>
    <line>
      <![CDATA[[S]ReportLog >> test_Step07_PolicyMenu_Top_JPN > Top menu 'POLICY' is done!]]>
    </line>
    <line>
      <![CDATA[[S]ReportLog >> test_Step07_PolicyMenu_Top_JPN > [Pass]Take screenshot...]]>
    </line>
    <line>
      <![CDATA[[S]ReportLog >> test_Step07_PolicyMenu_Top_ENG > Data updated!]]>
    </line>
    <line>
      <![CDATA[[S]ReportLog >> test_Step07_PolicyMenu_Top_ENG > Top menu 'POLICY' is done!]]>
    </line>
    <line>
      <![CDATA[[S]ReportLog >> test_Step07_PolicyMenu_Top_ENG > [Pass]Take screenshot...]]>
    </line>
    <line>
      <![CDATA[[S]ReportLog >> box_JPN > Got data!]]>
    </line>
    <line>
      <![CDATA[[S]ReportLog >> box_ENG > Got data!]]>
    </line>
    <line>
      <![CDATA[[S]ReportLog >> test_dataCompare > Ready to start...]]>
    </line>
    <line>
      <![CDATA[[S]ReportLog >> test_dataCompare > --------------------------------------------------------------------]]>
    </line>
    <line>
      <![CDATA[[S]ReportLog >> test_dataCompare > [JPN] info: Device Name -----> TZ 370W]]>
    </line>
    <line>
      <![CDATA[[S]ReportLog >> test_dataCompare > [JPN] info: Serial Number ---> 2CB8ED69339C]]>
    </line>
    <line>
      <![CDATA[[S]ReportLog >> test_dataCompare > [JPN] info: Firmware Version > SonicOS 7.0.1-5018]]>
    </line>
    <line>
      <![CDATA[[S]ReportLog >> test_dataCompare > --------------------------------------------------------------------]]>
    </line>
    <line>
      <![CDATA[[S]ReportLog >> test_dataCompare > [ENG] info: Device Name -----> NSa 6700]]>
    </line>
    <line>
      <![CDATA[[S]ReportLog >> test_dataCompare > [ENG] info: Serial Number ---> 2CB8EDA2EC6D]]>
    </line>
    <line>
      <![CDATA[[S]ReportLog >> test_dataCompare > [ENG] info: Firmware Version > SonicOS 7.0.1-5025]]>
    </line>
    <line>
      <![CDATA[[S]ReportLog >> test_dataCompare > --------------------------------------------------------------------]]>
    </line>
    <line>
      <![CDATA[[S]ReportLog >> missing_page > [JPN] version missing: DEVICE > Users > Partitions]]>
    </line>
    <line>
      <![CDATA[[S]ReportLog >> missing_page > [ENG] version missing: DEVICE > Internal Wireless]]>
    </line>
    <line>
      <![CDATA[[S]ReportLog >> missing_page > [ENG] version missing: DEVICE > Internal Wireless > Status]]>
    </line>
    <line>
      <![CDATA[[S]ReportLog >> missing_page > [ENG] version missing: DEVICE > Internal Wireless > Settings]]>
    </line>
    <line>
      <![CDATA[[S]ReportLog >> missing_page > [ENG] version missing: DEVICE > Internal Wireless > Security]]>
    </line>
    <line>
      <![CDATA[[S]ReportLog >> missing_page > [ENG] version missing: DEVICE > Internal Wireless > Advanced]]>
    </line>
    <line>
      <![CDATA[[S]ReportLog >> missing_page > [ENG] version missing: DEVICE > Internal Wireless > MAC Filter List]]>
    </line>
    <line>
      <![CDATA[[S]ReportLog >> missing_page > [ENG] version missing: DEVICE > Internal Wireless > IDS]]>
    </line>
    <line>
      <![CDATA[[S]ReportLog >> missing_page > [ENG] version missing: DEVICE > Internal Wireless > Virtual Access Point]]>
    </line>
    <line>
      <![CDATA[[S]ReportLog >> missing_page > [JPN] version missing: NETWORK > Switching]]>
    </line>
    <line>
      <![CDATA[[S]ReportLog >> missing_page > [JPN] version missing: NETWORK > Switching > VLAN Trunking]]>
    </line>
    <line>
      <![CDATA[[S]ReportLog >> missing_page > [JPN] version missing: NETWORK > Switching > L2 Discovery]]>
    </line>
    <line>
      <![CDATA[[S]ReportLog >> missing_page > [JPN] version missing: NETWORK > Switching > Link Aggregation]]>
    </line>
    <line>
      <![CDATA[[S]ReportLog >> missing_page > [JPN] version missing: NETWORK > Switching > Port Mirroring]]>
    </line>
  </reporter-output>
  <suite started-at="2021-09-18T17:24:22 CST" name="SonicWall TestSuite" finished-at="2021-09-18T17:26:04 CST" duration-ms="101290">
    <groups>
    </groups>
    <test started-at="2021-09-18T17:24:22 CST" name="Menu Test JPN/ENG" finished-at="2021-09-18T17:26:04 CST" duration-ms="101186">
      <class name="test.Test_NavData_ENG">
        <test-method is-config="true" signature="beforeClass()[pri:0, instance:test.Test_NavData_ENG@7690781]" started-at="2021-09-18T17:24:22 CST" name="beforeClass" finished-at="2021-09-18T17:24:39 CST" duration-ms="16222" status="PASS">
          <reporter-output>
            <line>
              <![CDATA[[L]ReportLog >> Before Navigate To...https://10.8.34.196/]]>
            </line>
            <line>
              <![CDATA[[S]ReportLog >> beforeClass > Got your Box IP for [ENG]: https://10.8.34.196/]]>
            </line>
          </reporter-output>
        </test-method> <!-- beforeClass -->
        <test-method signature="test_Step01_Login_ENG()[pri:0, instance:test.Test_NavData_ENG@7690781]" started-at="2021-09-18T17:24:39 CST" name="test_Step01_Login_ENG" finished-at="2021-09-18T17:24:39 CST" duration-ms="369" status="PASS">
          <reporter-output>
            <line>
              <![CDATA[[S]ReportLog >> test_Step01_Login_ENG > Login to main page...]]>
            </line>
          </reporter-output>
        </test-method> <!-- test_Step01_Login_ENG -->
        <test-method is-config="true" signature="afterMethod(org.testng.ITestResult)[pri:0, instance:test.Test_NavData_ENG@7690781]" started-at="2021-09-18T17:24:39 CST" name="afterMethod" finished-at="2021-09-18T17:24:40 CST" duration-ms="1141" status="PASS">
          <params>
            <param index="0">
              <value>
                <![CDATA[[TestResult name=test_Step01_Login_ENG status=SUCCESS method=Test_NavData_ENG.test_Step01_Login_ENG()[pri:0, instance:test.Test_NavData_ENG@7690781] output=[S]ReportLog >> test_Step01_Login_ENG > Login to main page...]]]>
              </value>
            </param>
          </params>
          <reporter-output>
            <line>
              <![CDATA[[S]ReportLog >> test_Step01_Login_ENG > [Pass]Take screenshot...]]>
            </line>
          </reporter-output>
        </test-method> <!-- afterMethod -->
        <test-method signature="test_Step02_HomeMenu_Top_ENG()[pri:0, instance:test.Test_NavData_ENG@7690781]" started-at="2021-09-18T17:24:40 CST" name="test_Step02_HomeMenu_Top_ENG" finished-at="2021-09-18T17:25:09 CST" duration-ms="28848" status="PASS">
          <reporter-output>
            <line>
              <![CDATA[[S]ReportLog >> test_Step02_HomeMenu_Top_ENG > Got info for [ENG]!]]>
            </line>
            <line>
              <![CDATA[[S]ReportLog >> test_Step02_HomeMenu_Top_ENG > Data created!]]>
            </line>
            <line>
              <![CDATA[[S]ReportLog >> test_Step02_HomeMenu_Top_ENG > Data updated!]]>
            </line>
            <line>
              <![CDATA[[S]ReportLog >> test_Step02_HomeMenu_Top_ENG > Top menu 'HOME' is done!]]>
            </line>
          </reporter-output>
        </test-method> <!-- test_Step02_HomeMenu_Top_ENG -->
        <test-method is-config="true" signature="afterMethod(org.testng.ITestResult)[pri:0, instance:test.Test_NavData_ENG@7690781]" started-at="2021-09-18T17:25:09 CST" name="afterMethod" finished-at="2021-09-18T17:25:11 CST" duration-ms="1589" status="PASS">
          <params>
            <param index="0">
              <value>
                <![CDATA[[TestResult name=test_Step02_HomeMenu_Top_ENG status=SUCCESS method=Test_NavData_ENG.test_Step02_HomeMenu_Top_ENG()[pri:0, instance:test.Test_NavData_ENG@7690781] output=[S]ReportLog >> test_Step02_HomeMenu_Top_ENG > Got info for [ENG]!]]]>
              </value>
            </param>
          </params>
          <reporter-output>
            <line>
              <![CDATA[[S]ReportLog >> test_Step02_HomeMenu_Top_ENG > [Pass]Take screenshot...]]>
            </line>
          </reporter-output>
        </test-method> <!-- afterMethod -->
        <test-method signature="test_Step03_MonitorMenu_Top_ENG()[pri:0, instance:test.Test_NavData_ENG@7690781]" started-at="2021-09-18T17:25:11 CST" name="test_Step03_MonitorMenu_Top_ENG" finished-at="2021-09-18T17:25:19 CST" duration-ms="8216" status="PASS">
          <reporter-output>
            <line>
              <![CDATA[[S]ReportLog >> test_Step03_MonitorMenu_Top_ENG > Data updated!]]>
            </line>
            <line>
              <![CDATA[[S]ReportLog >> test_Step03_MonitorMenu_Top_ENG > Top menu 'MONITOR' is done!]]>
            </line>
          </reporter-output>
        </test-method> <!-- test_Step03_MonitorMenu_Top_ENG -->
        <test-method is-config="true" signature="afterMethod(org.testng.ITestResult)[pri:0, instance:test.Test_NavData_ENG@7690781]" started-at="2021-09-18T17:25:19 CST" name="afterMethod" finished-at="2021-09-18T17:25:20 CST" duration-ms="711" status="PASS">
          <params>
            <param index="0">
              <value>
                <![CDATA[[TestResult name=test_Step03_MonitorMenu_Top_ENG status=SUCCESS method=Test_NavData_ENG.test_Step03_MonitorMenu_Top_ENG()[pri:0, instance:test.Test_NavData_ENG@7690781] output=[S]ReportLog >> test_Step03_MonitorMenu_Top_ENG > Data updated!]]]>
              </value>
            </param>
          </params>
          <reporter-output>
            <line>
              <![CDATA[[S]ReportLog >> test_Step03_MonitorMenu_Top_ENG > [Pass]Take screenshot...]]>
            </line>
          </reporter-output>
        </test-method> <!-- afterMethod -->
        <test-method signature="test_Step04_DeviceMenu_Top_ENG()[pri:0, instance:test.Test_NavData_ENG@7690781]" started-at="2021-09-18T17:25:20 CST" name="test_Step04_DeviceMenu_Top_ENG" finished-at="2021-09-18T17:25:32 CST" duration-ms="11991" status="PASS">
          <reporter-output>
            <line>
              <![CDATA[[S]ReportLog >> test_Step04_DeviceMenu_Top_ENG > Data updated!]]>
            </line>
            <line>
              <![CDATA[[S]ReportLog >> test_Step04_DeviceMenu_Top_ENG > Top menu 'DEVICE' is done!]]>
            </line>
          </reporter-output>
        </test-method> <!-- test_Step04_DeviceMenu_Top_ENG -->
        <test-method is-config="true" signature="afterMethod(org.testng.ITestResult)[pri:0, instance:test.Test_NavData_ENG@7690781]" started-at="2021-09-18T17:25:32 CST" name="afterMethod" finished-at="2021-09-18T17:25:32 CST" duration-ms="654" status="PASS">
          <params>
            <param index="0">
              <value>
                <![CDATA[[TestResult name=test_Step04_DeviceMenu_Top_ENG status=SUCCESS method=Test_NavData_ENG.test_Step04_DeviceMenu_Top_ENG()[pri:0, instance:test.Test_NavData_ENG@7690781] output=[S]ReportLog >> test_Step04_DeviceMenu_Top_ENG > Data updated!]]]>
              </value>
            </param>
          </params>
          <reporter-output>
            <line>
              <![CDATA[[S]ReportLog >> test_Step04_DeviceMenu_Top_ENG > [Pass]Take screenshot...]]>
            </line>
          </reporter-output>
        </test-method> <!-- afterMethod -->
        <test-method signature="test_Step05_NetworkMenu_Top_ENG()[pri:0, instance:test.Test_NavData_ENG@7690781]" started-at="2021-09-18T17:25:32 CST" name="test_Step05_NetworkMenu_Top_ENG" finished-at="2021-09-18T17:25:46 CST" duration-ms="13495" status="PASS">
          <reporter-output>
            <line>
              <![CDATA[[S]ReportLog >> test_Step05_NetworkMenu_Top_ENG > Data updated!]]>
            </line>
            <line>
              <![CDATA[[S]ReportLog >> test_Step05_NetworkMenu_Top_ENG > Top menu 'NETWORK' is done!]]>
            </line>
          </reporter-output>
        </test-method> <!-- test_Step05_NetworkMenu_Top_ENG -->
        <test-method is-config="true" signature="afterMethod(org.testng.ITestResult)[pri:0, instance:test.Test_NavData_ENG@7690781]" started-at="2021-09-18T17:25:46 CST" name="afterMethod" finished-at="2021-09-18T17:25:46 CST" duration-ms="348" status="PASS">
          <params>
            <param index="0">
              <value>
                <![CDATA[[TestResult name=test_Step05_NetworkMenu_Top_ENG status=SUCCESS method=Test_NavData_ENG.test_Step05_NetworkMenu_Top_ENG()[pri:0, instance:test.Test_NavData_ENG@7690781] output=[S]ReportLog >> test_Step05_NetworkMenu_Top_ENG > Data updated!]]]>
              </value>
            </param>
          </params>
          <reporter-output>
            <line>
              <![CDATA[[S]ReportLog >> test_Step05_NetworkMenu_Top_ENG > [Pass]Take screenshot...]]>
            </line>
          </reporter-output>
        </test-method> <!-- afterMethod -->
        <test-method signature="test_Step06_ObjectMenu_Top_ENG()[pri:0, instance:test.Test_NavData_ENG@7690781]" started-at="2021-09-18T17:25:46 CST" name="test_Step06_ObjectMenu_Top_ENG" finished-at="2021-09-18T17:25:49 CST" duration-ms="3402" status="PASS">
          <reporter-output>
            <line>
              <![CDATA[[S]ReportLog >> test_Step06_ObjectMenu_Top_ENG > Data updated!]]>
            </line>
            <line>
              <![CDATA[[S]ReportLog >> test_Step06_ObjectMenu_Top_ENG > Top menu 'OBJECT' is done!]]>
            </line>
          </reporter-output>
        </test-method> <!-- test_Step06_ObjectMenu_Top_ENG -->
        <test-method is-config="true" signature="afterMethod(org.testng.ITestResult)[pri:0, instance:test.Test_NavData_ENG@7690781]" started-at="2021-09-18T17:25:49 CST" name="afterMethod" finished-at="2021-09-18T17:25:50 CST" duration-ms="320" status="PASS">
          <params>
            <param index="0">
              <value>
                <![CDATA[[TestResult name=test_Step06_ObjectMenu_Top_ENG status=SUCCESS method=Test_NavData_ENG.test_Step06_ObjectMenu_Top_ENG()[pri:0, instance:test.Test_NavData_ENG@7690781] output=[S]ReportLog >> test_Step06_ObjectMenu_Top_ENG > Data updated!]]]>
              </value>
            </param>
          </params>
          <reporter-output>
            <line>
              <![CDATA[[S]ReportLog >> test_Step06_ObjectMenu_Top_ENG > [Pass]Take screenshot...]]>
            </line>
          </reporter-output>
        </test-method> <!-- afterMethod -->
        <test-method signature="test_Step07_PolicyMenu_Top_ENG()[pri:0, instance:test.Test_NavData_ENG@7690781]" started-at="2021-09-18T17:25:50 CST" name="test_Step07_PolicyMenu_Top_ENG" finished-at="2021-09-18T17:25:59 CST" duration-ms="9498" status="PASS">
          <reporter-output>
            <line>
              <![CDATA[[S]ReportLog >> test_Step07_PolicyMenu_Top_ENG > Data updated!]]>
            </line>
            <line>
              <![CDATA[[S]ReportLog >> test_Step07_PolicyMenu_Top_ENG > Top menu 'POLICY' is done!]]>
            </line>
          </reporter-output>
        </test-method> <!-- test_Step07_PolicyMenu_Top_ENG -->
        <test-method is-config="true" signature="afterMethod(org.testng.ITestResult)[pri:0, instance:test.Test_NavData_ENG@7690781]" started-at="2021-09-18T17:25:59 CST" name="afterMethod" finished-at="2021-09-18T17:26:00 CST" duration-ms="505" status="PASS">
          <params>
            <param index="0">
              <value>
                <![CDATA[[TestResult name=test_Step07_PolicyMenu_Top_ENG status=SUCCESS method=Test_NavData_ENG.test_Step07_PolicyMenu_Top_ENG()[pri:0, instance:test.Test_NavData_ENG@7690781] output=[S]ReportLog >> test_Step07_PolicyMenu_Top_ENG > Data updated!]]]>
              </value>
            </param>
          </params>
          <reporter-output>
            <line>
              <![CDATA[[S]ReportLog >> test_Step07_PolicyMenu_Top_ENG > [Pass]Take screenshot...]]>
            </line>
          </reporter-output>
        </test-method> <!-- afterMethod -->
        <test-method is-config="true" signature="afterClass()[pri:0, instance:test.Test_NavData_ENG@7690781]" started-at="2021-09-18T17:26:00 CST" name="afterClass" finished-at="2021-09-18T17:26:04 CST" duration-ms="3833" status="PASS">
          <reporter-output>
          </reporter-output>
        </test-method> <!-- afterClass -->
      </class> <!-- test.Test_NavData_ENG -->
      <class name="test.Test_NavData_JPN">
        <test-method is-config="true" signature="beforeClass()[pri:0, instance:test.Test_NavData_JPN@6a370f4]" started-at="2021-09-18T17:24:22 CST" name="beforeClass" finished-at="2021-09-18T17:24:39 CST" duration-ms="16222" status="PASS">
          <reporter-output>
            <line>
              <![CDATA[[L]ReportLog >> Before Navigate To...https://10.103.50.206/]]>
            </line>
            <line>
              <![CDATA[[S]ReportLog >> beforeClass > Got your Box IP for [JPN]: https://10.103.50.206/]]>
            </line>
          </reporter-output>
        </test-method> <!-- beforeClass -->
        <test-method signature="test_Step01_Login_JPN()[pri:0, instance:test.Test_NavData_JPN@6a370f4]" started-at="2021-09-18T17:24:39 CST" name="test_Step01_Login_JPN" finished-at="2021-09-18T17:24:39 CST" duration-ms="386" status="PASS">
          <reporter-output>
            <line>
              <![CDATA[[S]ReportLog >> test_Step01_Login_JPN > Login to main page...]]>
            </line>
          </reporter-output>
        </test-method> <!-- test_Step01_Login_JPN -->
        <test-method is-config="true" signature="afterMethod(org.testng.ITestResult)[pri:0, instance:test.Test_NavData_JPN@6a370f4]" started-at="2021-09-18T17:24:39 CST" name="afterMethod" finished-at="2021-09-18T17:24:40 CST" duration-ms="1127" status="PASS">
          <params>
            <param index="0">
              <value>
                <![CDATA[[TestResult name=test_Step01_Login_JPN status=SUCCESS method=Test_NavData_JPN.test_Step01_Login_JPN()[pri:0, instance:test.Test_NavData_JPN@6a370f4] output=[S]ReportLog >> test_Step01_Login_JPN > Login to main page...]]]>
              </value>
            </param>
          </params>
          <reporter-output>
            <line>
              <![CDATA[[S]ReportLog >> test_Step01_Login_JPN > [Pass]Take screenshot...]]>
            </line>
          </reporter-output>
        </test-method> <!-- afterMethod -->
        <test-method signature="test_Step02_HomeMenu_Top_JPN()[pri:0, instance:test.Test_NavData_JPN@6a370f4]" started-at="2021-09-18T17:24:40 CST" name="test_Step02_HomeMenu_Top_JPN" finished-at="2021-09-18T17:25:06 CST" duration-ms="25808" status="PASS">
          <reporter-output>
            <line>
              <![CDATA[[S]ReportLog >> test_Step02_HomeMenu_Top_JPN > Got info for [JPN]!]]>
            </line>
            <line>
              <![CDATA[[S]ReportLog >> test_Step02_HomeMenu_Top_JPN > Data created!]]>
            </line>
            <line>
              <![CDATA[[S]ReportLog >> test_Step02_HomeMenu_Top_JPN > Data updated!]]>
            </line>
            <line>
              <![CDATA[[S]ReportLog >> test_Step02_HomeMenu_Top_JPN > Top menu 'HOME' is done!]]>
            </line>
          </reporter-output>
        </test-method> <!-- test_Step02_HomeMenu_Top_JPN -->
        <test-method is-config="true" signature="afterMethod(org.testng.ITestResult)[pri:0, instance:test.Test_NavData_JPN@6a370f4]" started-at="2021-09-18T17:25:06 CST" name="afterMethod" finished-at="2021-09-18T17:25:08 CST" duration-ms="2434" status="PASS">
          <params>
            <param index="0">
              <value>
                <![CDATA[[TestResult name=test_Step02_HomeMenu_Top_JPN status=SUCCESS method=Test_NavData_JPN.test_Step02_HomeMenu_Top_JPN()[pri:0, instance:test.Test_NavData_JPN@6a370f4] output=[S]ReportLog >> test_Step02_HomeMenu_Top_JPN > Got info for [JPN]!]]]>
              </value>
            </param>
          </params>
          <reporter-output>
            <line>
              <![CDATA[[S]ReportLog >> test_Step02_HomeMenu_Top_JPN > [Pass]Take screenshot...]]>
            </line>
          </reporter-output>
        </test-method> <!-- afterMethod -->
        <test-method signature="test_Step03_MonitorMenu_Top_JPN()[pri:0, instance:test.Test_NavData_JPN@6a370f4]" started-at="2021-09-18T17:25:08 CST" name="test_Step03_MonitorMenu_Top_JPN" finished-at="2021-09-18T17:25:18 CST" duration-ms="9179" status="PASS">
          <reporter-output>
            <line>
              <![CDATA[[S]ReportLog >> test_Step03_MonitorMenu_Top_JPN > Data updated!]]>
            </line>
            <line>
              <![CDATA[[S]ReportLog >> test_Step03_MonitorMenu_Top_JPN > Top menu 'MONITOR' is done!]]>
            </line>
          </reporter-output>
        </test-method> <!-- test_Step03_MonitorMenu_Top_JPN -->
        <test-method is-config="true" signature="afterMethod(org.testng.ITestResult)[pri:0, instance:test.Test_NavData_JPN@6a370f4]" started-at="2021-09-18T17:25:18 CST" name="afterMethod" finished-at="2021-09-18T17:25:18 CST" duration-ms="731" status="PASS">
          <params>
            <param index="0">
              <value>
                <![CDATA[[TestResult name=test_Step03_MonitorMenu_Top_JPN status=SUCCESS method=Test_NavData_JPN.test_Step03_MonitorMenu_Top_JPN()[pri:0, instance:test.Test_NavData_JPN@6a370f4] output=[S]ReportLog >> test_Step03_MonitorMenu_Top_JPN > Data updated!]]]>
              </value>
            </param>
          </params>
          <reporter-output>
            <line>
              <![CDATA[[S]ReportLog >> test_Step03_MonitorMenu_Top_JPN > [Pass]Take screenshot...]]>
            </line>
          </reporter-output>
        </test-method> <!-- afterMethod -->
        <test-method signature="test_Step04_DeviceMenu_Top_JPN()[pri:0, instance:test.Test_NavData_JPN@6a370f4]" started-at="2021-09-18T17:25:18 CST" name="test_Step04_DeviceMenu_Top_JPN" finished-at="2021-09-18T17:25:32 CST" duration-ms="13258" status="PASS">
          <reporter-output>
            <line>
              <![CDATA[[S]ReportLog >> test_Step04_DeviceMenu_Top_JPN > Data updated!]]>
            </line>
            <line>
              <![CDATA[[S]ReportLog >> test_Step04_DeviceMenu_Top_JPN > Top menu 'DEVICE' is done!]]>
            </line>
          </reporter-output>
        </test-method> <!-- test_Step04_DeviceMenu_Top_JPN -->
        <test-method is-config="true" signature="afterMethod(org.testng.ITestResult)[pri:0, instance:test.Test_NavData_JPN@6a370f4]" started-at="2021-09-18T17:25:32 CST" name="afterMethod" finished-at="2021-09-18T17:25:32 CST" duration-ms="580" status="PASS">
          <params>
            <param index="0">
              <value>
                <![CDATA[[TestResult name=test_Step04_DeviceMenu_Top_JPN status=SUCCESS method=Test_NavData_JPN.test_Step04_DeviceMenu_Top_JPN()[pri:0, instance:test.Test_NavData_JPN@6a370f4] output=[S]ReportLog >> test_Step04_DeviceMenu_Top_JPN > Data updated!]]]>
              </value>
            </param>
          </params>
          <reporter-output>
            <line>
              <![CDATA[[S]ReportLog >> test_Step04_DeviceMenu_Top_JPN > [Pass]Take screenshot...]]>
            </line>
          </reporter-output>
        </test-method> <!-- afterMethod -->
        <test-method signature="test_Step05_NetworkMenu_Top_JPN()[pri:0, instance:test.Test_NavData_JPN@6a370f4]" started-at="2021-09-18T17:25:32 CST" name="test_Step05_NetworkMenu_Top_JPN" finished-at="2021-09-18T17:25:46 CST" duration-ms="13310" status="PASS">
          <reporter-output>
            <line>
              <![CDATA[[S]ReportLog >> test_Step05_NetworkMenu_Top_JPN > Data updated!]]>
            </line>
            <line>
              <![CDATA[[S]ReportLog >> test_Step05_NetworkMenu_Top_JPN > Top menu 'NETWORK' is done!]]>
            </line>
          </reporter-output>
        </test-method> <!-- test_Step05_NetworkMenu_Top_JPN -->
        <test-method is-config="true" signature="afterMethod(org.testng.ITestResult)[pri:0, instance:test.Test_NavData_JPN@6a370f4]" started-at="2021-09-18T17:25:46 CST" name="afterMethod" finished-at="2021-09-18T17:25:46 CST" duration-ms="250" status="PASS">
          <params>
            <param index="0">
              <value>
                <![CDATA[[TestResult name=test_Step05_NetworkMenu_Top_JPN status=SUCCESS method=Test_NavData_JPN.test_Step05_NetworkMenu_Top_JPN()[pri:0, instance:test.Test_NavData_JPN@6a370f4] output=[S]ReportLog >> test_Step05_NetworkMenu_Top_JPN > Data updated!]]]>
              </value>
            </param>
          </params>
          <reporter-output>
            <line>
              <![CDATA[[S]ReportLog >> test_Step05_NetworkMenu_Top_JPN > [Pass]Take screenshot...]]>
            </line>
          </reporter-output>
        </test-method> <!-- afterMethod -->
        <test-method signature="test_Step06_ObjectMenu_Top_JPN()[pri:0, instance:test.Test_NavData_JPN@6a370f4]" started-at="2021-09-18T17:25:46 CST" name="test_Step06_ObjectMenu_Top_JPN" finished-at="2021-09-18T17:25:49 CST" duration-ms="3195" status="PASS">
          <reporter-output>
            <line>
              <![CDATA[[S]ReportLog >> test_Step06_ObjectMenu_Top_JPN > Data updated!]]>
            </line>
            <line>
              <![CDATA[[S]ReportLog >> test_Step06_ObjectMenu_Top_JPN > Top menu 'OBJECT' is done!]]>
            </line>
          </reporter-output>
        </test-method> <!-- test_Step06_ObjectMenu_Top_JPN -->
        <test-method is-config="true" signature="afterMethod(org.testng.ITestResult)[pri:0, instance:test.Test_NavData_JPN@6a370f4]" started-at="2021-09-18T17:25:49 CST" name="afterMethod" finished-at="2021-09-18T17:25:49 CST" duration-ms="383" status="PASS">
          <params>
            <param index="0">
              <value>
                <![CDATA[[TestResult name=test_Step06_ObjectMenu_Top_JPN status=SUCCESS method=Test_NavData_JPN.test_Step06_ObjectMenu_Top_JPN()[pri:0, instance:test.Test_NavData_JPN@6a370f4] output=[S]ReportLog >> test_Step06_ObjectMenu_Top_JPN > Data updated!]]]>
              </value>
            </param>
          </params>
          <reporter-output>
            <line>
              <![CDATA[[S]ReportLog >> test_Step06_ObjectMenu_Top_JPN > [Pass]Take screenshot...]]>
            </line>
          </reporter-output>
        </test-method> <!-- afterMethod -->
        <test-method signature="test_Step07_PolicyMenu_Top_JPN()[pri:0, instance:test.Test_NavData_JPN@6a370f4]" started-at="2021-09-18T17:25:49 CST" name="test_Step07_PolicyMenu_Top_JPN" finished-at="2021-09-18T17:25:59 CST" duration-ms="9395" status="PASS">
          <reporter-output>
            <line>
              <![CDATA[[S]ReportLog >> test_Step07_PolicyMenu_Top_JPN > Data updated!]]>
            </line>
            <line>
              <![CDATA[[S]ReportLog >> test_Step07_PolicyMenu_Top_JPN > Top menu 'POLICY' is done!]]>
            </line>
          </reporter-output>
        </test-method> <!-- test_Step07_PolicyMenu_Top_JPN -->
        <test-method is-config="true" signature="afterMethod(org.testng.ITestResult)[pri:0, instance:test.Test_NavData_JPN@6a370f4]" started-at="2021-09-18T17:25:59 CST" name="afterMethod" finished-at="2021-09-18T17:25:59 CST" duration-ms="345" status="PASS">
          <params>
            <param index="0">
              <value>
                <![CDATA[[TestResult name=test_Step07_PolicyMenu_Top_JPN status=SUCCESS method=Test_NavData_JPN.test_Step07_PolicyMenu_Top_JPN()[pri:0, instance:test.Test_NavData_JPN@6a370f4] output=[S]ReportLog >> test_Step07_PolicyMenu_Top_JPN > Data updated!]]]>
              </value>
            </param>
          </params>
          <reporter-output>
            <line>
              <![CDATA[[S]ReportLog >> test_Step07_PolicyMenu_Top_JPN > [Pass]Take screenshot...]]>
            </line>
          </reporter-output>
        </test-method> <!-- afterMethod -->
        <test-method is-config="true" signature="afterClass()[pri:0, instance:test.Test_NavData_JPN@6a370f4]" started-at="2021-09-18T17:25:59 CST" name="afterClass" finished-at="2021-09-18T17:26:03 CST" duration-ms="4355" status="PASS">
          <reporter-output>
          </reporter-output>
        </test-method> <!-- afterClass -->
      </class> <!-- test.Test_NavData_JPN -->
    </test> <!-- Menu Test JPN/ENG -->
    <test started-at="2021-09-18T17:26:04 CST" name="Menu Compare JPN/ENG" finished-at="2021-09-18T17:26:04 CST" duration-ms="70">
      <class name="test.Test_vsDATA">
        <test-method signature="test_dataCompare()[pri:0, instance:test.Test_vsDATA@acdb094]" started-at="2021-09-18T17:26:04 CST" name="test_dataCompare" finished-at="2021-09-18T17:26:04 CST" duration-ms="68" status="PASS">
          <reporter-output>
            <line>
              <![CDATA[[S]ReportLog >> box_JPN > Got data!]]>
            </line>
            <line>
              <![CDATA[[S]ReportLog >> box_ENG > Got data!]]>
            </line>
            <line>
              <![CDATA[[S]ReportLog >> test_dataCompare > Ready to start...]]>
            </line>
            <line>
              <![CDATA[[S]ReportLog >> test_dataCompare > --------------------------------------------------------------------]]>
            </line>
            <line>
              <![CDATA[[S]ReportLog >> test_dataCompare > [JPN] info: Device Name -----> TZ 370W]]>
            </line>
            <line>
              <![CDATA[[S]ReportLog >> test_dataCompare > [JPN] info: Serial Number ---> 2CB8ED69339C]]>
            </line>
            <line>
              <![CDATA[[S]ReportLog >> test_dataCompare > [JPN] info: Firmware Version > SonicOS 7.0.1-5018]]>
            </line>
            <line>
              <![CDATA[[S]ReportLog >> test_dataCompare > --------------------------------------------------------------------]]>
            </line>
            <line>
              <![CDATA[[S]ReportLog >> test_dataCompare > [ENG] info: Device Name -----> NSa 6700]]>
            </line>
            <line>
              <![CDATA[[S]ReportLog >> test_dataCompare > [ENG] info: Serial Number ---> 2CB8EDA2EC6D]]>
            </line>
            <line>
              <![CDATA[[S]ReportLog >> test_dataCompare > [ENG] info: Firmware Version > SonicOS 7.0.1-5025]]>
            </line>
            <line>
              <![CDATA[[S]ReportLog >> test_dataCompare > --------------------------------------------------------------------]]>
            </line>
            <line>
              <![CDATA[[S]ReportLog >> missing_page > [JPN] version missing: DEVICE > Users > Partitions]]>
            </line>
            <line>
              <![CDATA[[S]ReportLog >> missing_page > [ENG] version missing: DEVICE > Internal Wireless]]>
            </line>
            <line>
              <![CDATA[[S]ReportLog >> missing_page > [ENG] version missing: DEVICE > Internal Wireless > Status]]>
            </line>
            <line>
              <![CDATA[[S]ReportLog >> missing_page > [ENG] version missing: DEVICE > Internal Wireless > Settings]]>
            </line>
            <line>
              <![CDATA[[S]ReportLog >> missing_page > [ENG] version missing: DEVICE > Internal Wireless > Security]]>
            </line>
            <line>
              <![CDATA[[S]ReportLog >> missing_page > [ENG] version missing: DEVICE > Internal Wireless > Advanced]]>
            </line>
            <line>
              <![CDATA[[S]ReportLog >> missing_page > [ENG] version missing: DEVICE > Internal Wireless > MAC Filter List]]>
            </line>
            <line>
              <![CDATA[[S]ReportLog >> missing_page > [ENG] version missing: DEVICE > Internal Wireless > IDS]]>
            </line>
            <line>
              <![CDATA[[S]ReportLog >> missing_page > [ENG] version missing: DEVICE > Internal Wireless > Virtual Access Point]]>
            </line>
            <line>
              <![CDATA[[S]ReportLog >> missing_page > [JPN] version missing: NETWORK > Switching]]>
            </line>
            <line>
              <![CDATA[[S]ReportLog >> missing_page > [JPN] version missing: NETWORK > Switching > VLAN Trunking]]>
            </line>
            <line>
              <![CDATA[[S]ReportLog >> missing_page > [JPN] version missing: NETWORK > Switching > L2 Discovery]]>
            </line>
            <line>
              <![CDATA[[S]ReportLog >> missing_page > [JPN] version missing: NETWORK > Switching > Link Aggregation]]>
            </line>
            <line>
              <![CDATA[[S]ReportLog >> missing_page > [JPN] version missing: NETWORK > Switching > Port Mirroring]]>
            </line>
          </reporter-output>
        </test-method> <!-- test_dataCompare -->
      </class> <!-- test.Test_vsDATA -->
    </test> <!-- Menu Compare JPN/ENG -->
  </suite> <!-- SonicWall TestSuite -->
</testng-results>
